<?xml version="1.0" encoding="UTF-8"?>
<!-- Generated by org.testng.reporters.JUnitXMLReporter -->
<testsuite hostname="DESKTOP-D69UDMV" name="Hishtalmut Sanity Flow" tests="2" failures="1" timestamp="23 May 2019 13:45:46 GMT" time="48.792" errors="0">
  <testcase name="TC1" time="22.237" classname="HishtalmutTest.sanityFlow"/>
  <testcase name="TC2" time="13.48" classname="HishtalmutTest.sanityFlow">
    <failure type="java.lang.AssertionError" message="null">
      <![CDATA[java.lang.AssertionError: null
	at PageObject.EmployeerDetailsPage.goToTheInvestmentTrackPage(EmployeerDetailsPage.java:31)
	at HishtalmutTest.sanityFlow.TC2(sanityFlow.java:52)
... Removed 26 stack frames]]>
    </failure>
  </testcase> <!-- TC2 -->
</testsuite> <!-- Hishtalmut Sanity Flow -->
