<?xml version="1.0" encoding="UTF-8"?>
<!-- Generated by org.testng.reporters.JUnitXMLReporter -->
<testsuite hostname="DESKTOP-D69UDMV" name="Default test(failed)" tests="1" failures="1" timestamp="16 May 2019 07:12:57 GMT" time="79.469" errors="0">
  <testcase name="LoginWithUser" time="71.927" classname="Pension.PensionSanity">
    <failure type="java.lang.AssertionError" message="Failed to select family status">
      <![CDATA[java.lang.AssertionError: Failed to select family status
	at PageObject.PensionGeneralDetailsPage.selectFamelyStatus(PensionGeneralDetailsPage.java:49)
	at Pension.PensionSanity.LoginWithUser(PensionSanity.java:27)
... Removed 25 stack frames]]>
    </failure>
  </testcase> <!-- LoginWithUser -->
</testsuite> <!-- Default test(failed) -->
